unable to load configuration from —ini
[uWSGI] getting INI configuration from testnewslab.ini
*** Starting uWSGI 2.0.12 (64bit) on [Mon Mar  7 13:09:41 2016] ***
compiled with version: 4.8.3 20140911 (Red Hat 4.8.3-9) on 07 March 2016 04:49:42
os: Linux-4.1.17-22.30.amzn1.x86_64 #1 SMP Fri Feb 5 23:44:22 UTC 2016
nodename: ip-172-31-22-23
machine: x86_64
clock source: unix
detected number of CPU cores: 1
current working directory: /home/ec2-user/testnewslab
detected binary path: /home/ec2-user/env/bin/uwsgi
!!! no internal routing support, rebuild with pcre support !!!
chdir() to /home/ec2-user/testnewslab
your processes number limit is 7943
your memory page size is 4096 bytes
detected max file descriptor number: 1024
lock engine: pthread robust mutexes
thunder lock: disabled (you can enable it with --thunder-lock)
uwsgi socket 0 bound to UNIX address /home/ec2-user/testnewslab/testnewslab.sock fd 3
Python version: 2.7.10 (default, Dec  8 2015, 18:25:23)  [GCC 4.8.3 20140911 (Red Hat 4.8.3-9)]
*** Python threads support is disabled. You can enable it with --enable-threads ***
Python main interpreter initialized at 0x1e8b630
your server socket listen backlog is limited to 100 connections
your mercy for graceful operations on workers is 60 seconds
mapped 145520 bytes (142 KB) for 1 cores
*** Operational MODE: single process ***
WSGI app 0 (mountpoint='') ready in 0 seconds on interpreter 0x1e8b630 pid: 14955 (default app)
mountpoint  already configured. skip.
*** uWSGI is running in multiple interpreter mode ***
spawned uWSGI master process (pid: 14955)
spawned uWSGI worker 1 (pid: 14958, cores: 1)
[uWSGI] getting INI configuration from testnewslab.ini
*** Starting uWSGI 2.0.12 (64bit) on [Mon Mar  7 13:09:51 2016] ***
compiled with version: 4.8.3 20140911 (Red Hat 4.8.3-9) on 07 March 2016 04:49:42
os: Linux-4.1.17-22.30.amzn1.x86_64 #1 SMP Fri Feb 5 23:44:22 UTC 2016
nodename: ip-172-31-22-23
machine: x86_64
clock source: unix
detected number of CPU cores: 1
current working directory: /home/ec2-user/testnewslab
detected binary path: /home/ec2-user/env/bin/uwsgi
!!! no internal routing support, rebuild with pcre support !!!
chdir() to /home/ec2-user/testnewslab
your processes number limit is 7943
your memory page size is 4096 bytes
detected max file descriptor number: 1024
lock engine: pthread robust mutexes
thunder lock: disabled (you can enable it with --thunder-lock)
uwsgi socket 0 bound to UNIX address /home/ec2-user/testnewslab/testnewslab.sock fd 3
Python version: 2.7.10 (default, Dec  8 2015, 18:25:23)  [GCC 4.8.3 20140911 (Red Hat 4.8.3-9)]
*** Python threads support is disabled. You can enable it with --enable-threads ***
Python main interpreter initialized at 0xf18630
your server socket listen backlog is limited to 100 connections
your mercy for graceful operations on workers is 60 seconds
mapped 145520 bytes (142 KB) for 1 cores
*** Operational MODE: single process ***
WSGI app 0 (mountpoint='') ready in 0 seconds on interpreter 0xf18630 pid: 14960 (default app)
mountpoint  already configured. skip.
*** uWSGI is running in multiple interpreter mode ***
spawned uWSGI master process (pid: 14960)
spawned uWSGI worker 1 (pid: 14963, cores: 1)
[pid: 14963|app: 0|req: 1/1] 175.223.45.216 () {44 vars in 1295 bytes} [Mon Mar  7 13:09:57 2016] GET /ninx2/tuition/home/ => generated 26 bytes in 24 msecs (HTTP/1.1 400) 2 headers in 82 bytes (1 switches on core 0)
[pid: 14963|app: 0|req: 2/2] 175.223.45.216 () {44 vars in 818 bytes} [Mon Mar  7 13:09:59 2016] GET /ninx2/tuition/home/ => generated 4214 bytes in 8 msecs (HTTP/1.1 200) 4 headers in 224 bytes (1 switches on core 0)
[uWSGI] getting INI configuration from testnewslab.ini
*** Starting uWSGI 2.0.12 (64bit) on [Mon Mar  7 13:11:15 2016] ***
compiled with version: 4.8.3 20140911 (Red Hat 4.8.3-9) on 07 March 2016 04:49:42
os: Linux-4.1.17-22.30.amzn1.x86_64 #1 SMP Fri Feb 5 23:44:22 UTC 2016
nodename: ip-172-31-22-23
machine: x86_64
clock source: unix
detected number of CPU cores: 1
current working directory: /home/ec2-user/testnewslab
detected binary path: /home/ec2-user/env/bin/uwsgi
!!! no internal routing support, rebuild with pcre support !!!
chdir() to /home/ec2-user/testnewslab
your processes number limit is 7943
your memory page size is 4096 bytes
detected max file descriptor number: 1024
lock engine: pthread robust mutexes
thunder lock: disabled (you can enable it with --thunder-lock)
uwsgi socket 0 bound to UNIX address /home/ec2-user/testnewslab/testnewslab.sock fd 3
Python version: 2.7.10 (default, Dec  8 2015, 18:25:23)  [GCC 4.8.3 20140911 (Red Hat 4.8.3-9)]
*** Python threads support is disabled. You can enable it with --enable-threads ***
Python main interpreter initialized at 0x82a630
your server socket listen backlog is limited to 100 connections
your mercy for graceful operations on workers is 60 seconds
mapped 145520 bytes (142 KB) for 1 cores
*** Operational MODE: single process ***
WSGI app 0 (mountpoint='') ready in 0 seconds on interpreter 0x82a630 pid: 14966 (default app)
mountpoint  already configured. skip.
*** uWSGI is running in multiple interpreter mode ***
spawned uWSGI master process (pid: 14966)
spawned uWSGI worker 1 (pid: 14969, cores: 1)
./testnewslab/urls.py:24: RemovedInDjango110Warning: Support for string view arguments to url() is deprecated and will be removed in Django 1.10 (got hellonewslab.views.front). Pass the callable instead.
  url(r'^newslabhome/$', 'hellonewslab.views.front'),

./testnewslab/urls.py:25: RemovedInDjango110Warning: Support for string view arguments to url() is deprecated and will be removed in Django 1.10 (got hellonewslab.views.test). Pass the callable instead.
  url(r'^test/$', 'hellonewslab.views.test'),

./testnewslab/urls.py:26: RemovedInDjango110Warning: Support for string view arguments to url() is deprecated and will be removed in Django 1.10 (got hellonewslab.views.network). Pass the callable instead.
  url(r'^network/$', 'hellonewslab.views.network'),

./testnewslab/urls.py:29: RemovedInDjango110Warning: Support for string view arguments to url() is deprecated and will be removed in Django 1.10 (got nin2newslab.views.calc_home). Pass the callable instead.
  url(r'^calc/$', 'nin2newslab.views.calc_home'),

./testnewslab/urls.py:32: RemovedInDjango110Warning: Support for string view arguments to url() is deprecated and will be removed in Django 1.10 (got nin2newslab.views.choice_main). Pass the callable instead.
  url(r'^ninx2/main/$', 'nin2newslab.views.choice_main'),

./testnewslab/urls.py:33: RemovedInDjango110Warning: Support for string view arguments to url() is deprecated and will be removed in Django 1.10 (got nin2newslab.views.choice_home). Pass the callable instead.
  url(r'^ninx2/([\w \[\]\.]+)/home/$', 'nin2newslab.views.choice_home'),

./testnewslab/urls.py:34: RemovedInDjango110Warning: Support for string view arguments to url() is deprecated and will be removed in Django 1.10 (got nin2newslab.views.choice_nump). Pass the callable instead.
  url(r'^ninx2/([\w \[\]\.]+)/([\d]+)/$', 'nin2newslab.views.choice_nump'),

./testnewslab/urls.py:35: RemovedInDjango110Warning: Support for string view arguments to url() is deprecated and will be removed in Django 1.10 (got nin2newslab.views.choice_result). Pass the callable instead.
  url(r'^ninx2/([\w \[\]\.]+)/result/([\d]+)/$', 'nin2newslab.views.choice_result'),

./testnewslab/urls.py:38: RemovedInDjango110Warning: Support for string view arguments to url() is deprecated and will be removed in Django 1.10 (got nin2newslab.views.network). Pass the callable instead.
  url(r'^albawords/$', 'nin2newslab.views.network'),

./testnewslab/urls.py:41: RemovedInDjango110Warning: Support for string view arguments to url() is deprecated and will be removed in Django 1.10 (got django.views.static.serve). Pass the callable instead.
  url(r'^media/(?P<path>.*)$', 'django.views.static.serve', {'document_root': settings.STATIC_ROOT, 'show_indexes': settings.DEBUG}),

/usr/lib64/python2.7/importlib/__init__.py:37: RemovedInDjango110Warning: django.core.context_processors is deprecated in favor of django.template.context_processors.
  __import__(name)

[pid: 14969|app: 0|req: 1/1] 175.223.45.216 () {44 vars in 1294 bytes} [Mon Mar  7 13:11:19 2016] GET /ninx2/tuition/home/ => generated 4214 bytes in 20 msecs (HTTP/1.1 200) 4 headers in 224 bytes (1 switches on core 0)
[pid: 14969|app: 0|req: 2/2] 175.223.45.216 () {44 vars in 819 bytes} [Mon Mar  7 13:11:21 2016] GET /ninx2/tuition/home/ => generated 4214 bytes in 4 msecs (HTTP/1.1 200) 4 headers in 224 bytes (1 switches on core 0)
[uWSGI] getting INI configuration from testnewslab.ini
*** Starting uWSGI 2.0.12 (64bit) on [Mon Mar  7 13:13:02 2016] ***
compiled with version: 4.8.3 20140911 (Red Hat 4.8.3-9) on 07 March 2016 04:49:42
os: Linux-4.1.17-22.30.amzn1.x86_64 #1 SMP Fri Feb 5 23:44:22 UTC 2016
nodename: ip-172-31-22-23
machine: x86_64
clock source: unix
detected number of CPU cores: 1
current working directory: /home/ec2-user/testnewslab
detected binary path: /home/ec2-user/env/bin/uwsgi
!!! no internal routing support, rebuild with pcre support !!!
chdir() to /home/ec2-user/testnewslab
your processes number limit is 7943
your memory page size is 4096 bytes
detected max file descriptor number: 1024
lock engine: pthread robust mutexes
thunder lock: disabled (you can enable it with --thunder-lock)
uwsgi socket 0 bound to UNIX address /home/ec2-user/testnewslab/testnewslab.sock fd 3
Python version: 2.7.10 (default, Dec  8 2015, 18:25:23)  [GCC 4.8.3 20140911 (Red Hat 4.8.3-9)]
*** Python threads support is disabled. You can enable it with --enable-threads ***
Python main interpreter initialized at 0x173f630
your server socket listen backlog is limited to 100 connections
your mercy for graceful operations on workers is 60 seconds
mapped 145520 bytes (142 KB) for 1 cores
*** Operational MODE: single process ***
WSGI app 0 (mountpoint='') ready in 0 seconds on interpreter 0x173f630 pid: 14975 (default app)
mountpoint  already configured. skip.
*** uWSGI is running in multiple interpreter mode ***
spawned uWSGI master process (pid: 14975)
spawned uWSGI worker 1 (pid: 14978, cores: 1)
./testnewslab/urls.py:24: RemovedInDjango110Warning: Support for string view arguments to url() is deprecated and will be removed in Django 1.10 (got hellonewslab.views.front). Pass the callable instead.
  url(r'^newslabhome/$', 'hellonewslab.views.front'),

./testnewslab/urls.py:25: RemovedInDjango110Warning: Support for string view arguments to url() is deprecated and will be removed in Django 1.10 (got hellonewslab.views.test). Pass the callable instead.
  url(r'^test/$', 'hellonewslab.views.test'),

./testnewslab/urls.py:26: RemovedInDjango110Warning: Support for string view arguments to url() is deprecated and will be removed in Django 1.10 (got hellonewslab.views.network). Pass the callable instead.
  url(r'^network/$', 'hellonewslab.views.network'),

./testnewslab/urls.py:29: RemovedInDjango110Warning: Support for string view arguments to url() is deprecated and will be removed in Django 1.10 (got nin2newslab.views.calc_home). Pass the callable instead.
  url(r'^calc/$', 'nin2newslab.views.calc_home'),

./testnewslab/urls.py:32: RemovedInDjango110Warning: Support for string view arguments to url() is deprecated and will be removed in Django 1.10 (got nin2newslab.views.choice_main). Pass the callable instead.
  url(r'^ninx2/main/$', 'nin2newslab.views.choice_main'),

./testnewslab/urls.py:33: RemovedInDjango110Warning: Support for string view arguments to url() is deprecated and will be removed in Django 1.10 (got nin2newslab.views.choice_home). Pass the callable instead.
  url(r'^ninx2/([\w \[\]\.]+)/home/$', 'nin2newslab.views.choice_home'),

./testnewslab/urls.py:34: RemovedInDjango110Warning: Support for string view arguments to url() is deprecated and will be removed in Django 1.10 (got nin2newslab.views.choice_nump). Pass the callable instead.
  url(r'^ninx2/([\w \[\]\.]+)/([\d]+)/$', 'nin2newslab.views.choice_nump'),

./testnewslab/urls.py:35: RemovedInDjango110Warning: Support for string view arguments to url() is deprecated and will be removed in Django 1.10 (got nin2newslab.views.choice_result). Pass the callable instead.
  url(r'^ninx2/([\w \[\]\.]+)/result/([\d]+)/$', 'nin2newslab.views.choice_result'),

./testnewslab/urls.py:38: RemovedInDjango110Warning: Support for string view arguments to url() is deprecated and will be removed in Django 1.10 (got nin2newslab.views.network). Pass the callable instead.
  url(r'^albawords/$', 'nin2newslab.views.network'),

./testnewslab/urls.py:41: RemovedInDjango110Warning: Support for string view arguments to url() is deprecated and will be removed in Django 1.10 (got django.views.static.serve). Pass the callable instead.
  url(r'^media/(?P<path>.*)$', 'django.views.static.serve', {'document_root': settings.STATIC_ROOT, 'show_indexes': settings.DEBUG}),

Not Found: /
[pid: 14978|app: 0|req: 1/1] 175.223.45.216 () {42 vars in 1226 bytes} [Mon Mar  7 13:13:12 2016] GET / => generated 3102 bytes in 16 msecs (HTTP/1.1 404) 2 headers in 80 bytes (1 switches on core 0)
Not Found: /calc
[pid: 14978|app: 0|req: 2/2] 175.223.45.216 () {42 vars in 1234 bytes} [Mon Mar  7 13:13:15 2016] GET /calc => generated 0 bytes in 4 msecs (HTTP/1.1 301) 2 headers in 92 bytes (1 switches on core 0)
/usr/lib64/python2.7/importlib/__init__.py:37: RemovedInDjango110Warning: django.core.context_processors is deprecated in favor of django.template.context_processors.
  __import__(name)

[pid: 14978|app: 0|req: 3/3] 175.223.45.216 () {42 vars in 1236 bytes} [Mon Mar  7 13:13:16 2016] GET /calc/ => generated 10771 bytes in 8 msecs (HTTP/1.1 200) 2 headers in 88 bytes (1 switches on core 0)
Not Found: /calc
[pid: 14978|app: 0|req: 4/4] 175.223.45.216 () {42 vars in 758 bytes} [Mon Mar  7 13:13:30 2016] GET /calc => generated 0 bytes in 3 msecs (HTTP/1.1 301) 2 headers in 92 bytes (1 switches on core 0)
[pid: 14978|app: 0|req: 5/5] 175.223.45.216 () {42 vars in 760 bytes} [Mon Mar  7 13:13:30 2016] GET /calc/ => generated 10771 bytes in 5 msecs (HTTP/1.1 200) 2 headers in 88 bytes (1 switches on core 0)
[uWSGI] getting INI configuration from testnewslab.ini
*** Starting uWSGI 2.0.12 (64bit) on [Mon Mar  7 13:13:48 2016] ***
compiled with version: 4.8.3 20140911 (Red Hat 4.8.3-9) on 07 March 2016 04:49:42
os: Linux-4.1.17-22.30.amzn1.x86_64 #1 SMP Fri Feb 5 23:44:22 UTC 2016
nodename: ip-172-31-22-23
machine: x86_64
clock source: unix
detected number of CPU cores: 1
current working directory: /home/ec2-user/testnewslab
detected binary path: /home/ec2-user/env/bin/uwsgi
!!! no internal routing support, rebuild with pcre support !!!
chdir() to /home/ec2-user/testnewslab
your processes number limit is 7943
your memory page size is 4096 bytes
detected max file descriptor number: 1024
lock engine: pthread robust mutexes
thunder lock: disabled (you can enable it with --thunder-lock)
uwsgi socket 0 bound to UNIX address /home/ec2-user/testnewslab/testnewslab.sock fd 3
Python version: 2.7.10 (default, Dec  8 2015, 18:25:23)  [GCC 4.8.3 20140911 (Red Hat 4.8.3-9)]
*** Python threads support is disabled. You can enable it with --enable-threads ***
Python main interpreter initialized at 0x149f630
your server socket listen backlog is limited to 100 connections
your mercy for graceful operations on workers is 60 seconds
mapped 145520 bytes (142 KB) for 1 cores
*** Operational MODE: single process ***
WSGI app 0 (mountpoint='') ready in 1 seconds on interpreter 0x149f630 pid: 14980 (default app)
mountpoint  already configured. skip.
*** uWSGI is running in multiple interpreter mode ***
spawned uWSGI master process (pid: 14980)
spawned uWSGI worker 1 (pid: 14983, cores: 1)
[pid: 14983|app: 0|req: 1/1] 175.223.45.216 () {44 vars in 791 bytes} [Mon Mar  7 13:13:51 2016] GET /calc/ => generated 10771 bytes in 20 msecs (HTTP/1.1 200) 2 headers in 88 bytes (1 switches on core 0)
[pid: 14983|app: 0|req: 2/2] 175.223.45.216 () {44 vars in 1267 bytes} [Mon Mar  7 13:13:53 2016] GET /calc/ => generated 26 bytes in 14 msecs (HTTP/1.1 400) 2 headers in 82 bytes (1 switches on core 0)
...brutally killing workers...
...brutally killing workers...
...brutally killing workers...
...brutally killing workers...
...brutally killing workers...
worker 1 buried after 1 seconds
binary reloading uWSGI...
chdir() to /home/ec2-user/testnewslab
closing all non-uwsgi socket fds > 2 (max_fd = 1024)...
found fd 3 mapped to socket 0 (/home/ec2-user/testnewslab/testnewslab.sock)
running /home/ec2-user/env/bin/uwsgi
[uWSGI] getting INI configuration from testnewslab.ini
*** Starting uWSGI 2.0.12 (64bit) on [Mon Mar  7 13:19:06 2016] ***
compiled with version: 4.8.3 20140911 (Red Hat 4.8.3-9) on 07 March 2016 04:49:42
os: Linux-4.1.17-22.30.amzn1.x86_64 #1 SMP Fri Feb 5 23:44:22 UTC 2016
nodename: ip-172-31-22-23
machine: x86_64
clock source: unix
detected number of CPU cores: 1
current working directory: /home/ec2-user/testnewslab
detected binary path: /home/ec2-user/env/bin/uwsgi
!!! no internal routing support, rebuild with pcre support !!!
chdir() to /home/ec2-user/testnewslab
your processes number limit is 7943
your memory page size is 4096 bytes
detected max file descriptor number: 1024
lock engine: pthread robust mutexes
thunder lock: disabled (you can enable it with --thunder-lock)
uwsgi socket 0 inherited UNIX address /home/ec2-user/testnewslab/testnewslab.sock fd 3
Python version: 2.7.10 (default, Dec  8 2015, 18:25:23)  [GCC 4.8.3 20140911 (Red Hat 4.8.3-9)]
worker 1 buried after 1 seconds
binary reloading uWSGI...
chdir() to /home/ec2-user/testnewslab
closing all non-uwsgi socket fds > 2 (max_fd = 1024)...
found fd 3 mapped to socket 0 (/home/ec2-user/testnewslab/testnewslab.sock)
running /home/ec2-user/env/bin/uwsgi
[uWSGI] getting INI configuration from testnewslab.ini
*** Starting uWSGI 2.0.12 (64bit) on [Mon Mar  7 13:19:06 2016] ***
compiled with version: 4.8.3 20140911 (Red Hat 4.8.3-9) on 07 March 2016 04:49:42
os: Linux-4.1.17-22.30.amzn1.x86_64 #1 SMP Fri Feb 5 23:44:22 UTC 2016
nodename: ip-172-31-22-23
machine: x86_64
clock source: unix
detected number of CPU cores: 1
current working directory: /home/ec2-user/testnewslab
detected binary path: /home/ec2-user/env/bin/uwsgi
!!! no internal routing support, rebuild with pcre support !!!
chdir() to /home/ec2-user/testnewslab
your processes number limit is 7943
your memory page size is 4096 bytes
detected max file descriptor number: 1024
lock engine: pthread robust mutexes
thunder lock: disabled (you can enable it with --thunder-lock)
uwsgi socket 0 inherited UNIX address /home/ec2-user/testnewslab/testnewslab.sock fd 3
Python version: 2.7.10 (default, Dec  8 2015, 18:25:23)  [GCC 4.8.3 20140911 (Red Hat 4.8.3-9)]
worker 1 buried after 1 seconds
binary reloading uWSGI...
chdir() to /home/ec2-user/testnewslab
closing all non-uwsgi socket fds > 2 (max_fd = 1024)...
found fd 3 mapped to socket 0 (/home/ec2-user/testnewslab/testnewslab.sock)
running /home/ec2-user/env/bin/uwsgi
[uWSGI] getting INI configuration from testnewslab.ini
*** Starting uWSGI 2.0.12 (64bit) on [Mon Mar  7 13:19:06 2016] ***
compiled with version: 4.8.3 20140911 (Red Hat 4.8.3-9) on 07 March 2016 04:49:42
os: Linux-4.1.17-22.30.amzn1.x86_64 #1 SMP Fri Feb 5 23:44:22 UTC 2016
nodename: ip-172-31-22-23
machine: x86_64
clock source: unix
detected number of CPU cores: 1
current working directory: /home/ec2-user/testnewslab
detected binary path: /home/ec2-user/env/bin/uwsgi
!!! no internal routing support, rebuild with pcre support !!!
chdir() to /home/ec2-user/testnewslab
your processes number limit is 7943
your memory page size is 4096 bytes
detected max file descriptor number: 1024
lock engine: pthread robust mutexes
thunder lock: disabled (you can enable it with --thunder-lock)
uwsgi socket 0 inherited UNIX address /home/ec2-user/testnewslab/testnewslab.sock fd 3
Python version: 2.7.10 (default, Dec  8 2015, 18:25:23)  [GCC 4.8.3 20140911 (Red Hat 4.8.3-9)]
worker 1 buried after 1 seconds
binary reloading uWSGI...
chdir() to /home/ec2-user/testnewslab
closing all non-uwsgi socket fds > 2 (max_fd = 1024)...
found fd 3 mapped to socket 0 (/home/ec2-user/testnewslab/testnewslab.sock)
running /home/ec2-user/env/bin/uwsgi
[uWSGI] getting INI configuration from testnewslab.ini
*** Starting uWSGI 2.0.12 (64bit) on [Mon Mar  7 13:19:06 2016] ***
compiled with version: 4.8.3 20140911 (Red Hat 4.8.3-9) on 07 March 2016 04:49:42
os: Linux-4.1.17-22.30.amzn1.x86_64 #1 SMP Fri Feb 5 23:44:22 UTC 2016
nodename: ip-172-31-22-23
machine: x86_64
clock source: unix
detected number of CPU cores: 1
current working directory: /home/ec2-user/testnewslab
detected binary path: /home/ec2-user/env/bin/uwsgi
!!! no internal routing support, rebuild with pcre support !!!
chdir() to /home/ec2-user/testnewslab
your processes number limit is 7943
your memory page size is 4096 bytes
detected max file descriptor number: 1024
lock engine: pthread robust mutexes
thunder lock: disabled (you can enable it with --thunder-lock)
uwsgi socket 0 inherited UNIX address /home/ec2-user/testnewslab/testnewslab.sock fd 3
Python version: 2.7.10 (default, Dec  8 2015, 18:25:23)  [GCC 4.8.3 20140911 (Red Hat 4.8.3-9)]
worker 1 buried after 1 seconds
binary reloading uWSGI...
chdir() to /home/ec2-user/testnewslab
closing all non-uwsgi socket fds > 2 (max_fd = 1024)...
found fd 3 mapped to socket 0 (/home/ec2-user/testnewslab/testnewslab.sock)
running /home/ec2-user/env/bin/uwsgi
[uWSGI] getting INI configuration from testnewslab.ini
*** Starting uWSGI 2.0.12 (64bit) on [Mon Mar  7 13:19:06 2016] ***
compiled with version: 4.8.3 20140911 (Red Hat 4.8.3-9) on 07 March 2016 04:49:42
os: Linux-4.1.17-22.30.amzn1.x86_64 #1 SMP Fri Feb 5 23:44:22 UTC 2016
nodename: ip-172-31-22-23
machine: x86_64
clock source: unix
detected number of CPU cores: 1
current working directory: /home/ec2-user/testnewslab
detected binary path: /home/ec2-user/env/bin/uwsgi
!!! no internal routing support, rebuild with pcre support !!!
chdir() to /home/ec2-user/testnewslab
your processes number limit is 7943
your memory page size is 4096 bytes
detected max file descriptor number: 1024
lock engine: pthread robust mutexes
thunder lock: disabled (you can enable it with --thunder-lock)
uwsgi socket 0 inherited UNIX address /home/ec2-user/testnewslab/testnewslab.sock fd 3
Python version: 2.7.10 (default, Dec  8 2015, 18:25:23)  [GCC 4.8.3 20140911 (Red Hat 4.8.3-9)]
*** Python threads support is disabled. You can enable it with --enable-threads ***
Python main interpreter initialized at 0x1be34c0
your server socket listen backlog is limited to 100 connections
your mercy for graceful operations on workers is 60 seconds
mapped 145520 bytes (142 KB) for 1 cores
*** Operational MODE: single process ***
*** Python threads support is disabled. You can enable it with --enable-threads ***
Python main interpreter initialized at 0x19ac4c0
your server socket listen backlog is limited to 100 connections
your mercy for graceful operations on workers is 60 seconds
mapped 145520 bytes (142 KB) for 1 cores
*** Operational MODE: single process ***
*** Python threads support is disabled. You can enable it with --enable-threads ***
Python main interpreter initialized at 0x8bd4c0
your server socket listen backlog is limited to 100 connections
your mercy for graceful operations on workers is 60 seconds
mapped 145520 bytes (142 KB) for 1 cores
*** Operational MODE: single process ***
*** Python threads support is disabled. You can enable it with --enable-threads ***
Python main interpreter initialized at 0x17094c0
your server socket listen backlog is limited to 100 connections
your mercy for graceful operations on workers is 60 seconds
mapped 145520 bytes (142 KB) for 1 cores
*** Operational MODE: single process ***
*** Python threads support is disabled. You can enable it with --enable-threads ***
Python main interpreter initialized at 0xe3d4c0
your server socket listen backlog is limited to 100 connections
your mercy for graceful operations on workers is 60 seconds
mapped 145520 bytes (142 KB) for 1 cores
*** Operational MODE: single process ***
WSGI app 0 (mountpoint='') ready in 1 seconds on interpreter 0x1be34c0 pid: 14955 (default app)
mountpoint  already configured. skip.
*** uWSGI is running in multiple interpreter mode ***
gracefully (RE)spawned uWSGI master process (pid: 14955)
spawned uWSGI worker 1 (pid: 14997, cores: 1)
WSGI app 0 (mountpoint='') ready in 1 seconds on interpreter 0x17094c0 pid: 14966 (default app)
mountpoint  already configured. skip.
*** uWSGI is running in multiple interpreter mode ***
gracefully (RE)spawned uWSGI master process (pid: 14966)
spawned uWSGI worker 1 (pid: 14998, cores: 1)
WSGI app 0 (mountpoint='') ready in 1 seconds on interpreter 0x19ac4c0 pid: 14980 (default app)
mountpoint  already configured. skip.
*** uWSGI is running in multiple interpreter mode ***
gracefully (RE)spawned uWSGI master process (pid: 14980)
spawned uWSGI worker 1 (pid: 14999, cores: 1)
WSGI app 0 (mountpoint='') ready in 1 seconds on interpreter 0x8bd4c0 pid: 14960 (default app)
mountpoint  already configured. skip.
*** uWSGI is running in multiple interpreter mode ***
gracefully (RE)spawned uWSGI master process (pid: 14960)
spawned uWSGI worker 1 (pid: 15000, cores: 1)
WSGI app 0 (mountpoint='') ready in 1 seconds on interpreter 0xe3d4c0 pid: 14975 (default app)
mountpoint  already configured. skip.
*** uWSGI is running in multiple interpreter mode ***
gracefully (RE)spawned uWSGI master process (pid: 14975)
spawned uWSGI worker 1 (pid: 15001, cores: 1)
[uWSGI] getting INI configuration from testnewslab.ini
*** Starting uWSGI 2.0.12 (64bit) on [Mon Mar  7 13:19:57 2016] ***
compiled with version: 4.8.3 20140911 (Red Hat 4.8.3-9) on 07 March 2016 04:49:42
os: Linux-4.1.17-22.30.amzn1.x86_64 #1 SMP Fri Feb 5 23:44:22 UTC 2016
nodename: ip-172-31-22-23
machine: x86_64
clock source: unix
detected number of CPU cores: 1
current working directory: /home/ec2-user/testnewslab
detected binary path: /home/ec2-user/env/bin/uwsgi
!!! no internal routing support, rebuild with pcre support !!!
chdir() to /home/ec2-user/testnewslab
your processes number limit is 7943
your memory page size is 4096 bytes
detected max file descriptor number: 1024
lock engine: pthread robust mutexes
thunder lock: disabled (you can enable it with --thunder-lock)
uwsgi socket 0 bound to UNIX address /home/ec2-user/testnewslab/testnewslab.sock fd 3
Python version: 2.7.10 (default, Dec  8 2015, 18:25:23)  [GCC 4.8.3 20140911 (Red Hat 4.8.3-9)]
*** Python threads support is disabled. You can enable it with --enable-threads ***
Python main interpreter initialized at 0x2600630
your server socket listen backlog is limited to 100 connections
your mercy for graceful operations on workers is 60 seconds
mapped 145520 bytes (142 KB) for 1 cores
*** Operational MODE: single process ***
WSGI app 0 (mountpoint='') ready in 0 seconds on interpreter 0x2600630 pid: 15002 (default app)
mountpoint  already configured. skip.
*** uWSGI is running in multiple interpreter mode ***
spawned uWSGI master process (pid: 15002)
spawned uWSGI worker 1 (pid: 15005, cores: 1)
[pid: 15005|app: 0|req: 1/1] 175.223.45.216 () {44 vars in 1267 bytes} [Mon Mar  7 13:20:01 2016] GET /calc/ => generated 26 bytes in 26 msecs (HTTP/1.1 400) 2 headers in 82 bytes (1 switches on core 0)
[pid: 15005|app: 0|req: 2/2] 175.223.45.216 () {44 vars in 1267 bytes} [Mon Mar  7 13:20:02 2016] GET /calc/ => generated 26 bytes in 12 msecs (HTTP/1.1 400) 2 headers in 82 bytes (1 switches on core 0)
[pid: 15005|app: 0|req: 3/3] 175.223.45.216 () {44 vars in 791 bytes} [Mon Mar  7 13:20:03 2016] GET /calc/ => generated 10771 bytes in 9 msecs (HTTP/1.1 200) 2 headers in 88 bytes (1 switches on core 0)
[pid: 15005|app: 0|req: 4/4] 175.223.45.216 () {44 vars in 1267 bytes} [Mon Mar  7 13:20:07 2016] GET /calc/ => generated 26 bytes in 12 msecs (HTTP/1.1 400) 2 headers in 82 bytes (1 switches on core 0)
[pid: 15005|app: 0|req: 5/5] 175.223.45.216 () {44 vars in 1267 bytes} [Mon Mar  7 13:20:07 2016] GET /calc/ => generated 26 bytes in 14 msecs (HTTP/1.1 400) 2 headers in 82 bytes (1 switches on core 0)
SIGINT/SIGQUIT received...killing workers...
SIGINT/SIGQUIT received...killing workers...
SIGINT/SIGQUIT received...killing workers...
SIGINT/SIGQUIT received...killing workers...
SIGINT/SIGQUIT received...killing workers...
SIGINT/SIGQUIT received...killing workers...
worker 1 buried after 1 seconds
goodbye to uWSGI.
VACUUM WARNING: unix socket /home/ec2-user/testnewslab/testnewslab.sock changed inode. Skip removal
worker 1 buried after 1 seconds
goodbye to uWSGI.
VACUUM WARNING: unix socket /home/ec2-user/testnewslab/testnewslab.sock changed inode. Skip removal
worker 1 buried after 1 seconds
goodbye to uWSGI.
VACUUM WARNING: unix socket /home/ec2-user/testnewslab/testnewslab.sock changed inode. Skip removal
worker 1 buried after 1 seconds
goodbye to uWSGI.
VACUUM WARNING: unix socket /home/ec2-user/testnewslab/testnewslab.sock changed inode. Skip removal
worker 1 buried after 1 seconds
goodbye to uWSGI.
VACUUM WARNING: unix socket /home/ec2-user/testnewslab/testnewslab.sock changed inode. Skip removal
worker 1 buried after 1 seconds
goodbye to uWSGI.
VACUUM: unix socket /home/ec2-user/testnewslab/testnewslab.sock removed.
[uWSGI] getting INI configuration from testnewslab.ini
*** Starting uWSGI 2.0.12 (64bit) on [Mon Mar  7 13:22:21 2016] ***
compiled with version: 4.8.3 20140911 (Red Hat 4.8.3-9) on 07 March 2016 04:49:42
os: Linux-4.1.17-22.30.amzn1.x86_64 #1 SMP Fri Feb 5 23:44:22 UTC 2016
nodename: ip-172-31-22-23
machine: x86_64
clock source: unix
detected number of CPU cores: 1
current working directory: /home/ec2-user/testnewslab
detected binary path: /home/ec2-user/env/bin/uwsgi
!!! no internal routing support, rebuild with pcre support !!!
chdir() to /home/ec2-user/testnewslab
your processes number limit is 7943
your memory page size is 4096 bytes
detected max file descriptor number: 1024
lock engine: pthread robust mutexes
thunder lock: disabled (you can enable it with --thunder-lock)
uwsgi socket 0 bound to UNIX address /home/ec2-user/testnewslab/testnewslab.sock fd 3
Python version: 2.7.10 (default, Dec  8 2015, 18:25:23)  [GCC 4.8.3 20140911 (Red Hat 4.8.3-9)]
*** Python threads support is disabled. You can enable it with --enable-threads ***
Python main interpreter initialized at 0xf41630
your server socket listen backlog is limited to 100 connections
your mercy for graceful operations on workers is 60 seconds
mapped 145520 bytes (142 KB) for 1 cores
*** Operational MODE: single process ***
WSGI app 0 (mountpoint='') ready in 0 seconds on interpreter 0xf41630 pid: 15014 (default app)
mountpoint  already configured. skip.
*** uWSGI is running in multiple interpreter mode ***
spawned uWSGI master process (pid: 15014)
spawned uWSGI worker 1 (pid: 15017, cores: 1)
[pid: 15017|app: 0|req: 1/1] 175.223.45.216 () {44 vars in 1294 bytes} [Mon Mar  7 13:22:30 2016] GET /ninx2/tuition/home/ => generated 26 bytes in 24 msecs (HTTP/1.1 400) 2 headers in 82 bytes (1 switches on core 0)
...brutally killing workers...
worker 1 buried after 1 seconds
binary reloading uWSGI...
chdir() to /home/ec2-user/testnewslab
closing all non-uwsgi socket fds > 2 (max_fd = 1024)...
found fd 3 mapped to socket 0 (/home/ec2-user/testnewslab/testnewslab.sock)
running /home/ec2-user/env/bin/uwsgi
[uWSGI] getting INI configuration from testnewslab.ini
*** Starting uWSGI 2.0.12 (64bit) on [Mon Mar  7 13:23:00 2016] ***
compiled with version: 4.8.3 20140911 (Red Hat 4.8.3-9) on 07 March 2016 04:49:42
os: Linux-4.1.17-22.30.amzn1.x86_64 #1 SMP Fri Feb 5 23:44:22 UTC 2016
nodename: ip-172-31-22-23
machine: x86_64
clock source: unix
detected number of CPU cores: 1
current working directory: /home/ec2-user/testnewslab
detected binary path: /home/ec2-user/env/bin/uwsgi
!!! no internal routing support, rebuild with pcre support !!!
chdir() to /home/ec2-user/testnewslab
your processes number limit is 7943
your memory page size is 4096 bytes
detected max file descriptor number: 1024
lock engine: pthread robust mutexes
thunder lock: disabled (you can enable it with --thunder-lock)
uwsgi socket 0 inherited UNIX address /home/ec2-user/testnewslab/testnewslab.sock fd 3
Python version: 2.7.10 (default, Dec  8 2015, 18:25:23)  [GCC 4.8.3 20140911 (Red Hat 4.8.3-9)]
*** Python threads support is disabled. You can enable it with --enable-threads ***
Python main interpreter initialized at 0x14d84c0
your server socket listen backlog is limited to 100 connections
your mercy for graceful operations on workers is 60 seconds
mapped 145520 bytes (142 KB) for 1 cores
*** Operational MODE: single process ***
WSGI app 0 (mountpoint='') ready in 0 seconds on interpreter 0x14d84c0 pid: 15014 (default app)
mountpoint  already configured. skip.
*** uWSGI is running in multiple interpreter mode ***
gracefully (RE)spawned uWSGI master process (pid: 15014)
spawned uWSGI worker 1 (pid: 15028, cores: 1)
...brutally killing workers...
worker 1 buried after 1 seconds
binary reloading uWSGI...
chdir() to /home/ec2-user/testnewslab
closing all non-uwsgi socket fds > 2 (max_fd = 1024)...
found fd 3 mapped to socket 0 (/home/ec2-user/testnewslab/testnewslab.sock)
running /home/ec2-user/env/bin/uwsgi
[uWSGI] getting INI configuration from testnewslab.ini
*** Starting uWSGI 2.0.12 (64bit) on [Mon Mar  7 13:23:19 2016] ***
compiled with version: 4.8.3 20140911 (Red Hat 4.8.3-9) on 07 March 2016 04:49:42
os: Linux-4.1.17-22.30.amzn1.x86_64 #1 SMP Fri Feb 5 23:44:22 UTC 2016
nodename: ip-172-31-22-23
machine: x86_64
clock source: unix
detected number of CPU cores: 1
current working directory: /home/ec2-user/testnewslab
detected binary path: /home/ec2-user/env/bin/uwsgi
!!! no internal routing support, rebuild with pcre support !!!
chdir() to /home/ec2-user/testnewslab
your processes number limit is 7943
your memory page size is 4096 bytes
detected max file descriptor number: 1024
lock engine: pthread robust mutexes
thunder lock: disabled (you can enable it with --thunder-lock)
uwsgi socket 0 inherited UNIX address /home/ec2-user/testnewslab/testnewslab.sock fd 3
Python version: 2.7.10 (default, Dec  8 2015, 18:25:23)  [GCC 4.8.3 20140911 (Red Hat 4.8.3-9)]
*** Python threads support is disabled. You can enable it with --enable-threads ***
Python main interpreter initialized at 0x24ee4c0
your server socket listen backlog is limited to 100 connections
your mercy for graceful operations on workers is 60 seconds
mapped 145520 bytes (142 KB) for 1 cores
*** Operational MODE: single process ***
WSGI app 0 (mountpoint='') ready in 0 seconds on interpreter 0x24ee4c0 pid: 15014 (default app)
mountpoint  already configured. skip.
*** uWSGI is running in multiple interpreter mode ***
gracefully (RE)spawned uWSGI master process (pid: 15014)
spawned uWSGI worker 1 (pid: 15035, cores: 1)
[uWSGI] getting INI configuration from testnewslab.ini
*** Starting uWSGI 2.0.12 (64bit) on [Mon Mar  7 13:23:30 2016] ***
compiled with version: 4.8.3 20140911 (Red Hat 4.8.3-9) on 07 March 2016 04:49:42
os: Linux-4.1.17-22.30.amzn1.x86_64 #1 SMP Fri Feb 5 23:44:22 UTC 2016
nodename: ip-172-31-22-23
machine: x86_64
clock source: unix
detected number of CPU cores: 1
current working directory: /home/ec2-user/testnewslab
detected binary path: /home/ec2-user/env/bin/uwsgi
!!! no internal routing support, rebuild with pcre support !!!
chdir() to /home/ec2-user/testnewslab
your processes number limit is 7943
your memory page size is 4096 bytes
detected max file descriptor number: 1024
lock engine: pthread robust mutexes
thunder lock: disabled (you can enable it with --thunder-lock)
uwsgi socket 0 bound to UNIX address /home/ec2-user/testnewslab/testnewslab.sock fd 3
Python version: 2.7.10 (default, Dec  8 2015, 18:25:23)  [GCC 4.8.3 20140911 (Red Hat 4.8.3-9)]
*** Python threads support is disabled. You can enable it with --enable-threads ***
Python main interpreter initialized at 0x2297630
your server socket listen backlog is limited to 100 connections
your mercy for graceful operations on workers is 60 seconds
mapped 145520 bytes (142 KB) for 1 cores
*** Operational MODE: single process ***
WSGI app 0 (mountpoint='') ready in 0 seconds on interpreter 0x2297630 pid: 15036 (default app)
mountpoint  already configured. skip.
*** uWSGI is running in multiple interpreter mode ***
spawned uWSGI master process (pid: 15036)
spawned uWSGI worker 1 (pid: 15039, cores: 1)
[pid: 15039|app: 0|req: 1/1] 175.223.45.216 () {44 vars in 1294 bytes} [Mon Mar  7 13:23:32 2016] GET /ninx2/tuition/home/ => generated 26 bytes in 25 msecs (HTTP/1.1 400) 2 headers in 82 bytes (1 switches on core 0)
[pid: 15039|app: 0|req: 2/2] 175.223.45.216 () {44 vars in 818 bytes} [Mon Mar  7 13:23:34 2016] GET /ninx2/tuition/home/ => generated 4214 bytes in 8 msecs (HTTP/1.1 200) 4 headers in 224 bytes (1 switches on core 0)
[pid: 15039|app: 0|req: 3/3] 183.97.45.184 () {42 vars in 1192 bytes} [Mon Mar  7 13:25:35 2016] GET / => generated 26 bytes in 12 msecs (HTTP/1.1 400) 2 headers in 82 bytes (1 switches on core 0)
[pid: 15039|app: 0|req: 4/4] 183.97.45.184 () {42 vars in 1154 bytes} [Mon Mar  7 13:25:36 2016] GET /favicon.ico => generated 26 bytes in 12 msecs (HTTP/1.1 400) 2 headers in 82 bytes (1 switches on core 0)
[pid: 15039|app: 0|req: 5/5] 183.97.45.184 () {44 vars in 1223 bytes} [Mon Mar  7 13:25:39 2016] GET / => generated 26 bytes in 14 msecs (HTTP/1.1 400) 2 headers in 82 bytes (1 switches on core 0)
[pid: 15039|app: 0|req: 6/6] 183.97.45.184 () {42 vars in 1154 bytes} [Mon Mar  7 13:25:39 2016] GET /favicon.ico => generated 26 bytes in 12 msecs (HTTP/1.1 400) 2 headers in 82 bytes (1 switches on core 0)
[uWSGI] getting INI configuration from testnewslab.ini
*** Starting uWSGI 2.0.12 (64bit) on [Mon Mar  7 13:30:47 2016] ***
compiled with version: 4.8.3 20140911 (Red Hat 4.8.3-9) on 07 March 2016 04:49:42
os: Linux-4.1.17-22.30.amzn1.x86_64 #1 SMP Fri Feb 5 23:44:22 UTC 2016
nodename: ip-172-31-22-23
machine: x86_64
clock source: unix
detected number of CPU cores: 1
current working directory: /home/ec2-user/testnewslab
detected binary path: /home/ec2-user/env/bin/uwsgi
!!! no internal routing support, rebuild with pcre support !!!
chdir() to /home/ec2-user/testnewslab
your processes number limit is 7943
your memory page size is 4096 bytes
detected max file descriptor number: 1024
lock engine: pthread robust mutexes
thunder lock: disabled (you can enable it with --thunder-lock)
uwsgi socket 0 bound to UNIX address /home/ec2-user/testnewslab/testnewslab.sock fd 3
Python version: 2.7.10 (default, Dec  8 2015, 18:25:23)  [GCC 4.8.3 20140911 (Red Hat 4.8.3-9)]
*** Python threads support is disabled. You can enable it with --enable-threads ***
Python main interpreter initialized at 0xd87630
your server socket listen backlog is limited to 100 connections
your mercy for graceful operations on workers is 60 seconds
mapped 145520 bytes (142 KB) for 1 cores
*** Operational MODE: single process ***
WSGI app 0 (mountpoint='') ready in 0 seconds on interpreter 0xd87630 pid: 15119 (default app)
mountpoint  already configured. skip.
*** uWSGI is running in multiple interpreter mode ***
spawned uWSGI master process (pid: 15119)
spawned uWSGI worker 1 (pid: 15122, cores: 1)
[pid: 15122|app: 0|req: 1/1] 112.214.112.12 () {44 vars in 1295 bytes} [Mon Mar  7 13:30:53 2016] GET /ninx2/tuition/home/ => generated 26 bytes in 25 msecs (HTTP/1.1 400) 2 headers in 82 bytes (1 switches on core 0)
[pid: 15122|app: 0|req: 2/2] 112.214.112.12 () {44 vars in 1295 bytes} [Mon Mar  7 13:30:55 2016] GET /ninx2/tuition/home/ => generated 26 bytes in 11 msecs (HTTP/1.1 400) 2 headers in 82 bytes (1 switches on core 0)
[uWSGI] getting INI configuration from testnewslab.ini
*** Starting uWSGI 2.0.12 (64bit) on [Mon Mar  7 13:32:36 2016] ***
compiled with version: 4.8.3 20140911 (Red Hat 4.8.3-9) on 07 March 2016 04:49:42
os: Linux-4.1.17-22.30.amzn1.x86_64 #1 SMP Fri Feb 5 23:44:22 UTC 2016
nodename: ip-172-31-22-23
machine: x86_64
clock source: unix
detected number of CPU cores: 1
current working directory: /home/ec2-user/testnewslab
detected binary path: /home/ec2-user/env/bin/uwsgi
!!! no internal routing support, rebuild with pcre support !!!
chdir() to /home/ec2-user/testnewslab
your processes number limit is 7943
your memory page size is 4096 bytes
detected max file descriptor number: 1024
lock engine: pthread robust mutexes
thunder lock: disabled (you can enable it with --thunder-lock)
uwsgi socket 0 bound to UNIX address /home/ec2-user/testnewslab/testnewslab.sock fd 3
Python version: 2.7.10 (default, Dec  8 2015, 18:25:23)  [GCC 4.8.3 20140911 (Red Hat 4.8.3-9)]
*** Python threads support is disabled. You can enable it with --enable-threads ***
Python main interpreter initialized at 0x758630
your server socket listen backlog is limited to 100 connections
your mercy for graceful operations on workers is 60 seconds
mapped 145520 bytes (142 KB) for 1 cores
*** Operational MODE: single process ***
WSGI app 0 (mountpoint='') ready in 1 seconds on interpreter 0x758630 pid: 15124 (default app)
mountpoint  already configured. skip.
*** uWSGI is running in multiple interpreter mode ***
spawned uWSGI master process (pid: 15124)
spawned uWSGI worker 1 (pid: 15127, cores: 1)
[pid: 15127|app: 0|req: 1/1] 112.214.112.12 () {44 vars in 1295 bytes} [Mon Mar  7 13:32:44 2016] GET /ninx2/tuition/home/ => generated 4214 bytes in 19 msecs (HTTP/1.1 200) 4 headers in 224 bytes (1 switches on core 0)
[pid: 15127|app: 0|req: 2/2] 112.214.112.12 () {42 vars in 1246 bytes} [Mon Mar  7 13:32:52 2016] GET /ninx2/asdf => generated 84 bytes in 2 msecs (HTTP/1.1 404) 2 headers in 80 bytes (1 switches on core 0)
[uWSGI] getting INI configuration from testnewslab.ini
*** Starting uWSGI 2.0.12 (64bit) on [Mon Mar  7 13:33:57 2016] ***
compiled with version: 4.8.3 20140911 (Red Hat 4.8.3-9) on 07 March 2016 04:49:42
os: Linux-4.1.17-22.30.amzn1.x86_64 #1 SMP Fri Feb 5 23:44:22 UTC 2016
nodename: ip-172-31-22-23
machine: x86_64
clock source: unix
detected number of CPU cores: 1
current working directory: /home/ec2-user/testnewslab
detected binary path: /home/ec2-user/env/bin/uwsgi
!!! no internal routing support, rebuild with pcre support !!!
chdir() to /home/ec2-user/testnewslab
your processes number limit is 7943
your memory page size is 4096 bytes
detected max file descriptor number: 1024
lock engine: pthread robust mutexes
thunder lock: disabled (you can enable it with --thunder-lock)
uwsgi socket 0 bound to UNIX address /home/ec2-user/testnewslab/testnewslab.sock fd 3
Python version: 2.7.10 (default, Dec  8 2015, 18:25:23)  [GCC 4.8.3 20140911 (Red Hat 4.8.3-9)]
*** Python threads support is disabled. You can enable it with --enable-threads ***
Python main interpreter initialized at 0x18d9630
your server socket listen backlog is limited to 100 connections
your mercy for graceful operations on workers is 60 seconds
mapped 145520 bytes (142 KB) for 1 cores
*** Operational MODE: single process ***
WSGI app 0 (mountpoint='') ready in 0 seconds on interpreter 0x18d9630 pid: 15129 (default app)
mountpoint  already configured. skip.
*** uWSGI is running in multiple interpreter mode ***
spawned uWSGI master process (pid: 15129)
spawned uWSGI worker 1 (pid: 15132, cores: 1)
[pid: 15132|app: 0|req: 1/1] 112.214.112.12 () {44 vars in 1277 bytes} [Mon Mar  7 13:33:58 2016] GET /ninx2/asdf => generated 84 bytes in 15 msecs (HTTP/1.1 404) 2 headers in 80 bytes (1 switches on core 0)
[pid: 15132|app: 0|req: 2/2] 112.214.112.12 () {44 vars in 1277 bytes} [Mon Mar  7 13:34:00 2016] GET /ninx2/asdf => generated 84 bytes in 1 msecs (HTTP/1.1 404) 2 headers in 80 bytes (1 switches on core 0)
[pid: 15132|app: 0|req: 3/3] 112.214.112.12 () {44 vars in 1277 bytes} [Mon Mar  7 13:34:01 2016] GET /ninx2/asdf => generated 84 bytes in 1 msecs (HTTP/1.1 404) 2 headers in 80 bytes (1 switches on core 0)
[uWSGI] getting INI configuration from testnewslab.ini
*** Starting uWSGI 2.0.12 (64bit) on [Mon Mar  7 13:34:45 2016] ***
compiled with version: 4.8.3 20140911 (Red Hat 4.8.3-9) on 07 March 2016 04:49:42
os: Linux-4.1.17-22.30.amzn1.x86_64 #1 SMP Fri Feb 5 23:44:22 UTC 2016
nodename: ip-172-31-22-23
machine: x86_64
clock source: unix
detected number of CPU cores: 1
current working directory: /home/ec2-user/testnewslab
detected binary path: /home/ec2-user/env/bin/uwsgi
!!! no internal routing support, rebuild with pcre support !!!
chdir() to /home/ec2-user/testnewslab
your processes number limit is 7943
your memory page size is 4096 bytes
detected max file descriptor number: 1024
lock engine: pthread robust mutexes
thunder lock: disabled (you can enable it with --thunder-lock)
uwsgi socket 0 bound to UNIX address /home/ec2-user/testnewslab/testnewslab.sock fd 3
Python version: 2.7.10 (default, Dec  8 2015, 18:25:23)  [GCC 4.8.3 20140911 (Red Hat 4.8.3-9)]
*** Python threads support is disabled. You can enable it with --enable-threads ***
Python main interpreter initialized at 0x2227630
your server socket listen backlog is limited to 100 connections
your mercy for graceful operations on workers is 60 seconds
mapped 145520 bytes (142 KB) for 1 cores
*** Operational MODE: single process ***
WSGI app 0 (mountpoint='') ready in 0 seconds on interpreter 0x2227630 pid: 15134 (default app)
mountpoint  already configured. skip.
*** uWSGI is running in multiple interpreter mode ***
spawned uWSGI master process (pid: 15134)
spawned uWSGI worker 1 (pid: 15137, cores: 1)
[pid: 15137|app: 0|req: 1/1] 112.214.112.12 () {44 vars in 1277 bytes} [Mon Mar  7 13:34:46 2016] GET /ninx2/asdf => generated 26 bytes in 25 msecs (HTTP/1.1 400) 2 headers in 82 bytes (1 switches on core 0)
[pid: 15137|app: 0|req: 2/2] 112.214.112.12 () {42 vars in 1262 bytes} [Mon Mar  7 13:34:50 2016] GET /ninx2/tuition/home => generated 26 bytes in 12 msecs (HTTP/1.1 400) 2 headers in 82 bytes (1 switches on core 0)
[uWSGI] getting INI configuration from testnewslab.ini
*** Starting uWSGI 2.0.12 (64bit) on [Mon Mar  7 13:35:11 2016] ***
compiled with version: 4.8.3 20140911 (Red Hat 4.8.3-9) on 07 March 2016 04:49:42
os: Linux-4.1.17-22.30.amzn1.x86_64 #1 SMP Fri Feb 5 23:44:22 UTC 2016
nodename: ip-172-31-22-23
machine: x86_64
clock source: unix
detected number of CPU cores: 1
current working directory: /home/ec2-user/testnewslab
detected binary path: /home/ec2-user/env/bin/uwsgi
!!! no internal routing support, rebuild with pcre support !!!
chdir() to /home/ec2-user/testnewslab
your processes number limit is 7943
your memory page size is 4096 bytes
detected max file descriptor number: 1024
lock engine: pthread robust mutexes
thunder lock: disabled (you can enable it with --thunder-lock)
uwsgi socket 0 bound to UNIX address /home/ec2-user/testnewslab/testnewslab.sock fd 3
Python version: 2.7.10 (default, Dec  8 2015, 18:25:23)  [GCC 4.8.3 20140911 (Red Hat 4.8.3-9)]
*** Python threads support is disabled. You can enable it with --enable-threads ***
Python main interpreter initialized at 0x1f4e630
your server socket listen backlog is limited to 100 connections
your mercy for graceful operations on workers is 60 seconds
mapped 145520 bytes (142 KB) for 1 cores
*** Operational MODE: single process ***
WSGI app 0 (mountpoint='') ready in 0 seconds on interpreter 0x1f4e630 pid: 15139 (default app)
mountpoint  already configured. skip.
*** uWSGI is running in multiple interpreter mode ***
spawned uWSGI master process (pid: 15139)
spawned uWSGI worker 1 (pid: 15142, cores: 1)
[pid: 15142|app: 0|req: 1/1] 112.214.112.12 () {44 vars in 1293 bytes} [Mon Mar  7 13:35:13 2016] GET /ninx2/tuition/home => generated 0 bytes in 15 msecs (HTTP/1.1 301) 2 headers in 106 bytes (1 switches on core 0)
[pid: 15142|app: 0|req: 2/2] 112.214.112.12 () {44 vars in 1295 bytes} [Mon Mar  7 13:35:13 2016] GET /ninx2/tuition/home/ => generated 4214 bytes in 7 msecs (HTTP/1.1 200) 4 headers in 224 bytes (1 switches on core 0)
[pid: 15142|app: 0|req: 3/3] 112.214.112.12 () {52 vars in 1017 bytes} [Mon Mar  7 13:36:10 2016] POST /ninx2/tuition/home/ => generated 0 bytes in 8 msecs (HTTP/1.1 302) 3 headers in 123 bytes (1 switches on core 0)
[pid: 15142|app: 0|req: 4/4] 112.214.112.12 () {46 vars in 898 bytes} [Mon Mar  7 13:36:10 2016] GET /ninx2/tuition/0161789591532644/ => generated 5972 bytes in 6 msecs (HTTP/1.1 200) 4 headers in 224 bytes (1 switches on core 0)
[pid: 15142|app: 0|req: 5/5] 112.214.112.12 () {42 vars in 760 bytes} [Mon Mar  7 13:36:20 2016] GET /admin => generated 0 bytes in 1 msecs (HTTP/1.1 301) 2 headers in 93 bytes (1 switches on core 0)
[pid: 15142|app: 0|req: 6/6] 112.214.112.12 () {42 vars in 762 bytes} [Mon Mar  7 13:36:20 2016] GET /admin/ => generated 0 bytes in 25 msecs (HTTP/1.1 302) 7 headers in 292 bytes (1 switches on core 0)
[pid: 15142|app: 0|req: 7/7] 112.214.112.12 () {42 vars in 799 bytes} [Mon Mar  7 13:36:20 2016] GET /admin/login/?next=/admin/ => generated 1677 bytes in 13 msecs (HTTP/1.1 200) 7 headers in 373 bytes (1 switches on core 0)
[pid: 15142|app: 0|req: 8/8] 112.214.112.12 () {42 vars in 1236 bytes} [Mon Mar  7 13:36:38 2016] GET /admin => generated 0 bytes in 1 msecs (HTTP/1.1 301) 2 headers in 93 bytes (1 switches on core 0)
[pid: 15142|app: 0|req: 9/9] 112.214.112.12 () {42 vars in 1238 bytes} [Mon Mar  7 13:36:41 2016] GET /admin/ => generated 10814 bytes in 36 msecs (HTTP/1.1 200) 6 headers in 251 bytes (1 switches on core 0)
[pid: 15142|app: 0|req: 10/10] 112.214.112.12 () {44 vars in 1336 bytes} [Mon Mar  7 13:36:50 2016] GET /admin/nin2newslab/userchoice/ => generated 17230 bytes in 44 msecs (HTTP/1.1 200) 7 headers in 373 bytes (1 switches on core 0)
[pid: 15142|app: 0|req: 11/11] 112.214.112.12 () {42 vars in 1221 bytes} [Mon Mar  7 13:36:51 2016] GET /admin/jsi18n/ => generated 3217 bytes in 5 msecs (HTTP/1.1 200) 3 headers in 93 bytes (1 switches on core 0)
Gracefully killing worker 1 (pid: 15122)...
Gracefully killing worker 1 (pid: 15127)...
Gracefully killing worker 1 (pid: 15132)...
Gracefully killing worker 1 (pid: 15137)...
Gracefully killing worker 1 (pid: 15142)...
...gracefully killing workers...
...gracefully killing workers...
...gracefully killing workers...
...gracefully killing workers...
...gracefully killing workers...
worker 1 buried after 1 seconds
binary reloading uWSGI...
chdir() to /home/ec2-user/testnewslab
closing all non-uwsgi socket fds > 2 (max_fd = 1024)...
found fd 3 mapped to socket 0 (/home/ec2-user/testnewslab/testnewslab.sock)
running /home/ec2-user/env/bin/uwsgi
worker 1 buried after 1 seconds
binary reloading uWSGI...
chdir() to /home/ec2-user/testnewslab
closing all non-uwsgi socket fds > 2 (max_fd = 1024)...
found fd 3 mapped to socket 0 (/home/ec2-user/testnewslab/testnewslab.sock)
running /home/ec2-user/env/bin/uwsgi
[uWSGI] getting INI configuration from testnewslab.ini
*** Starting uWSGI 2.0.12 (64bit) on [Mon Mar  7 13:40:46 2016] ***
compiled with version: 4.8.3 20140911 (Red Hat 4.8.3-9) on 07 March 2016 04:49:42
os: Linux-4.1.17-22.30.amzn1.x86_64 #1 SMP Fri Feb 5 23:44:22 UTC 2016
nodename: ip-172-31-22-23
machine: x86_64
clock source: unix
detected number of CPU cores: 1
current working directory: /home/ec2-user/testnewslab
detected binary path: /home/ec2-user/env/bin/uwsgi
!!! no internal routing support, rebuild with pcre support !!!
chdir() to /home/ec2-user/testnewslab
your processes number limit is 7943
your memory page size is 4096 bytes
detected max file descriptor number: 1024
lock engine: pthread robust mutexes
thunder lock: disabled (you can enable it with --thunder-lock)
uwsgi socket 0 inherited UNIX address /home/ec2-user/testnewslab/testnewslab.sock fd 3
Python version: 2.7.10 (default, Dec  8 2015, 18:25:23)  [GCC 4.8.3 20140911 (Red Hat 4.8.3-9)]
worker 1 buried after 1 seconds
binary reloading uWSGI...
chdir() to /home/ec2-user/testnewslab
closing all non-uwsgi socket fds > 2 (max_fd = 1024)...
found fd 3 mapped to socket 0 (/home/ec2-user/testnewslab/testnewslab.sock)
running /home/ec2-user/env/bin/uwsgi
[uWSGI] getting INI configuration from testnewslab.ini
*** Starting uWSGI 2.0.12 (64bit) on [Mon Mar  7 13:40:46 2016] ***
compiled with version: 4.8.3 20140911 (Red Hat 4.8.3-9) on 07 March 2016 04:49:42
os: Linux-4.1.17-22.30.amzn1.x86_64 #1 SMP Fri Feb 5 23:44:22 UTC 2016
nodename: ip-172-31-22-23
machine: x86_64
clock source: unix
detected number of CPU cores: 1
current working directory: /home/ec2-user/testnewslab
detected binary path: /home/ec2-user/env/bin/uwsgi
!!! no internal routing support, rebuild with pcre support !!!
chdir() to /home/ec2-user/testnewslab
your processes number limit is 7943
your memory page size is 4096 bytes
detected max file descriptor number: 1024
lock engine: pthread robust mutexes
thunder lock: disabled (you can enable it with --thunder-lock)
uwsgi socket 0 inherited UNIX address /home/ec2-user/testnewslab/testnewslab.sock fd 3
Python version: 2.7.10 (default, Dec  8 2015, 18:25:23)  [GCC 4.8.3 20140911 (Red Hat 4.8.3-9)]
worker 1 buried after 1 seconds
binary reloading uWSGI...
chdir() to /home/ec2-user/testnewslab
closing all non-uwsgi socket fds > 2 (max_fd = 1024)...
found fd 3 mapped to socket 0 (/home/ec2-user/testnewslab/testnewslab.sock)
running /home/ec2-user/env/bin/uwsgi
[uWSGI] getting INI configuration from testnewslab.ini
*** Starting uWSGI 2.0.12 (64bit) on [Mon Mar  7 13:40:46 2016] ***
compiled with version: 4.8.3 20140911 (Red Hat 4.8.3-9) on 07 March 2016 04:49:42
os: Linux-4.1.17-22.30.amzn1.x86_64 #1 SMP Fri Feb 5 23:44:22 UTC 2016
nodename: ip-172-31-22-23
machine: x86_64
clock source: unix
detected number of CPU cores: 1
current working directory: /home/ec2-user/testnewslab
detected binary path: /home/ec2-user/env/bin/uwsgi
!!! no internal routing support, rebuild with pcre support !!!
chdir() to /home/ec2-user/testnewslab
your processes number limit is 7943
your memory page size is 4096 bytes
detected max file descriptor number: 1024
lock engine: pthread robust mutexes
thunder lock: disabled (you can enable it with --thunder-lock)
uwsgi socket 0 inherited UNIX address /home/ec2-user/testnewslab/testnewslab.sock fd 3
Python version: 2.7.10 (default, Dec  8 2015, 18:25:23)  [GCC 4.8.3 20140911 (Red Hat 4.8.3-9)]
worker 1 buried after 1 seconds
binary reloading uWSGI...
chdir() to /home/ec2-user/testnewslab
closing all non-uwsgi socket fds > 2 (max_fd = 1024)...
found fd 3 mapped to socket 0 (/home/ec2-user/testnewslab/testnewslab.sock)
running /home/ec2-user/env/bin/uwsgi
[uWSGI] getting INI configuration from testnewslab.ini
*** Starting uWSGI 2.0.12 (64bit) on [Mon Mar  7 13:40:46 2016] ***
compiled with version: 4.8.3 20140911 (Red Hat 4.8.3-9) on 07 March 2016 04:49:42
os: Linux-4.1.17-22.30.amzn1.x86_64 #1 SMP Fri Feb 5 23:44:22 UTC 2016
nodename: ip-172-31-22-23
machine: x86_64
clock source: unix
detected number of CPU cores: 1
current working directory: /home/ec2-user/testnewslab
detected binary path: /home/ec2-user/env/bin/uwsgi
!!! no internal routing support, rebuild with pcre support !!!
chdir() to /home/ec2-user/testnewslab
your processes number limit is 7943
your memory page size is 4096 bytes
detected max file descriptor number: 1024
lock engine: pthread robust mutexes
thunder lock: disabled (you can enable it with --thunder-lock)
uwsgi socket 0 inherited UNIX address /home/ec2-user/testnewslab/testnewslab.sock fd 3
Python version: 2.7.10 (default, Dec  8 2015, 18:25:23)  [GCC 4.8.3 20140911 (Red Hat 4.8.3-9)]
[uWSGI] getting INI configuration from testnewslab.ini
*** Starting uWSGI 2.0.12 (64bit) on [Mon Mar  7 13:40:46 2016] ***
compiled with version: 4.8.3 20140911 (Red Hat 4.8.3-9) on 07 March 2016 04:49:42
os: Linux-4.1.17-22.30.amzn1.x86_64 #1 SMP Fri Feb 5 23:44:22 UTC 2016
nodename: ip-172-31-22-23
machine: x86_64
clock source: unix
detected number of CPU cores: 1
current working directory: /home/ec2-user/testnewslab
detected binary path: /home/ec2-user/env/bin/uwsgi
!!! no internal routing support, rebuild with pcre support !!!
chdir() to /home/ec2-user/testnewslab
your processes number limit is 7943
your memory page size is 4096 bytes
detected max file descriptor number: 1024
lock engine: pthread robust mutexes
thunder lock: disabled (you can enable it with --thunder-lock)
uwsgi socket 0 inherited UNIX address /home/ec2-user/testnewslab/testnewslab.sock fd 3
Python version: 2.7.10 (default, Dec  8 2015, 18:25:23)  [GCC 4.8.3 20140911 (Red Hat 4.8.3-9)]
*** Python threads support is disabled. You can enable it with --enable-threads ***
Python main interpreter initialized at 0xa4e4c0
your server socket listen backlog is limited to 100 connections
your mercy for graceful operations on workers is 60 seconds
mapped 145520 bytes (142 KB) for 1 cores
*** Operational MODE: single process ***
*** Python threads support is disabled. You can enable it with --enable-threads ***
Python main interpreter initialized at 0x9994c0
your server socket listen backlog is limited to 100 connections
your mercy for graceful operations on workers is 60 seconds
mapped 145520 bytes (142 KB) for 1 cores
*** Operational MODE: single process ***
*** Python threads support is disabled. You can enable it with --enable-threads ***
Python main interpreter initialized at 0x134d4c0
your server socket listen backlog is limited to 100 connections
your mercy for graceful operations on workers is 60 seconds
mapped 145520 bytes (142 KB) for 1 cores
*** Operational MODE: single process ***
*** Python threads support is disabled. You can enable it with --enable-threads ***
Python main interpreter initialized at 0x1ea84c0
your server socket listen backlog is limited to 100 connections
your mercy for graceful operations on workers is 60 seconds
mapped 145520 bytes (142 KB) for 1 cores
*** Operational MODE: single process ***
*** Python threads support is disabled. You can enable it with --enable-threads ***
Python main interpreter initialized at 0xa884c0
your server socket listen backlog is limited to 100 connections
your mercy for graceful operations on workers is 60 seconds
mapped 145520 bytes (142 KB) for 1 cores
*** Operational MODE: single process ***
WSGI app 0 (mountpoint='') ready in 0 seconds on interpreter 0x1ea84c0 pid: 15139 (default app)
mountpoint  already configured. skip.
*** uWSGI is running in multiple interpreter mode ***
gracefully (RE)spawned uWSGI master process (pid: 15139)
WSGI app 0 (mountpoint='') ready in 0 seconds on interpreter 0xa4e4c0 pid: 15129 (default app)
mountpoint  already configured. skip.
*** uWSGI is running in multiple interpreter mode ***
gracefully (RE)spawned uWSGI master process (pid: 15129)
spawned uWSGI worker 1 (pid: 15155, cores: 1)
WSGI app 0 (mountpoint='') ready in 0 seconds on interpreter 0x134d4c0 pid: 15124 (default app)
mountpoint  already configured. skip.
*** uWSGI is running in multiple interpreter mode ***
gracefully (RE)spawned uWSGI master process (pid: 15124)
WSGI app 0 (mountpoint='') ready in 1 seconds on interpreter 0x9994c0 pid: 15134 (default app)
mountpoint  already configured. skip.
*** uWSGI is running in multiple interpreter mode ***
gracefully (RE)spawned uWSGI master process (pid: 15134)
spawned uWSGI worker 1 (pid: 15156, cores: 1)
WSGI app 0 (mountpoint='') ready in 1 seconds on interpreter 0xa884c0 pid: 15119 (default app)
mountpoint  already configured. skip.
*** uWSGI is running in multiple interpreter mode ***
gracefully (RE)spawned uWSGI master process (pid: 15119)
spawned uWSGI worker 1 (pid: 15157, cores: 1)
spawned uWSGI worker 1 (pid: 15158, cores: 1)
spawned uWSGI worker 1 (pid: 15159, cores: 1)
[pid: 15158|app: 0|req: 1/1] 112.214.112.12 () {40 vars in 703 bytes} [Mon Mar  7 13:41:32 2016] GET / => generated 74 bytes in 14 msecs (HTTP/1.1 404) 2 headers in 80 bytes (1 switches on core 0)
[pid: 15158|app: 0|req: 2/2] 112.214.112.12 () {40 vars in 665 bytes} [Mon Mar  7 13:41:33 2016] GET /favicon.ico => generated 85 bytes in 1 msecs (HTTP/1.1 404) 2 headers in 80 bytes (1 switches on core 0)
[pid: 15158|app: 0|req: 3/3] 112.214.112.12 () {40 vars in 725 bytes} [Mon Mar  7 13:41:35 2016] GET /newslabhome => generated 0 bytes in 1 msecs (HTTP/1.1 301) 2 headers in 99 bytes (1 switches on core 0)
[pid: 15158|app: 0|req: 4/4] 112.214.112.12 () {40 vars in 727 bytes} [Mon Mar  7 13:41:36 2016] GET /newslabhome/ => generated 4568 bytes in 3 msecs (HTTP/1.1 200) 2 headers in 88 bytes (1 switches on core 0)
[pid: 15158|app: 0|req: 5/5] 112.214.112.12 () {40 vars in 727 bytes} [Mon Mar  7 14:06:15 2016] GET /newslabhome/ => generated 4568 bytes in 2 msecs (HTTP/1.1 200) 2 headers in 88 bytes (1 switches on core 0)
[pid: 15158|app: 0|req: 6/6] 112.214.112.12 () {42 vars in 758 bytes} [Mon Mar  7 14:08:06 2016] GET /newslabhome/ => generated 4568 bytes in 2 msecs (HTTP/1.1 200) 2 headers in 88 bytes (1 switches on core 0)
[pid: 15158|app: 0|req: 7/7] 112.214.112.12 () {42 vars in 758 bytes} [Mon Mar  7 14:08:09 2016] GET /newslabhome/ => generated 4568 bytes in 2 msecs (HTTP/1.1 200) 2 headers in 88 bytes (1 switches on core 0)
[pid: 15158|app: 0|req: 8/8] 74.208.155.105 () {30 vars in 342 bytes} [Mon Mar  7 14:11:11 2016] GET / => generated 74 bytes in 1 msecs (HTTP/1.1 404) 2 headers in 80 bytes (1 switches on core 0)
[pid: 15158|app: 0|req: 9/9] 74.208.155.105 () {30 vars in 362 bytes} [Mon Mar  7 14:11:11 2016] GET /robots.txt => generated 84 bytes in 1 msecs (HTTP/1.1 404) 2 headers in 80 bytes (1 switches on core 0)
[pid: 15158|app: 0|req: 10/10] 74.208.155.105 () {30 vars in 364 bytes} [Mon Mar  7 14:11:11 2016] GET /sitemap.xml => generated 85 bytes in 1 msecs (HTTP/1.1 404) 2 headers in 80 bytes (1 switches on core 0)
[pid: 15158|app: 0|req: 11/11] 112.214.112.12 () {42 vars in 758 bytes} [Mon Mar  7 14:13:08 2016] GET /newslabhome/ => generated 4568 bytes in 2 msecs (HTTP/1.1 200) 2 headers in 88 bytes (1 switches on core 0)
[pid: 15158|app: 0|req: 12/12] 112.214.112.12 () {42 vars in 785 bytes} [Mon Mar  7 14:13:13 2016] GET /newslabhome/ => generated 4568 bytes in 2 msecs (HTTP/1.1 200) 2 headers in 88 bytes (1 switches on core 0)
[pid: 15158|app: 0|req: 13/13] 112.214.112.12 () {42 vars in 769 bytes} [Mon Mar  7 14:13:15 2016] GET /calc => generated 0 bytes in 1 msecs (HTTP/1.1 301) 2 headers in 92 bytes (1 switches on core 0)
[pid: 15158|app: 0|req: 14/14] 112.214.112.12 () {42 vars in 771 bytes} [Mon Mar  7 14:13:16 2016] GET /calc/ => generated 10771 bytes in 7 msecs (HTTP/1.1 200) 2 headers in 88 bytes (1 switches on core 0)
[pid: 15158|app: 0|req: 15/15] 112.214.112.12 () {42 vars in 758 bytes} [Mon Mar  7 14:17:37 2016] GET /newslabhome/ => generated 4568 bytes in 2 msecs (HTTP/1.1 200) 2 headers in 88 bytes (1 switches on core 0)
[pid: 15158|app: 0|req: 16/16] 112.214.112.12 () {42 vars in 758 bytes} [Mon Mar  7 14:22:58 2016] GET /newslabhome/ => generated 4568 bytes in 2 msecs (HTTP/1.1 200) 2 headers in 88 bytes (1 switches on core 0)
[pid: 15158|app: 0|req: 17/17] 112.214.112.12 () {42 vars in 758 bytes} [Mon Mar  7 14:45:35 2016] GET /newslabhome/ => generated 4568 bytes in 1 msecs (HTTP/1.1 200) 2 headers in 88 bytes (1 switches on core 0)
[pid: 15158|app: 0|req: 18/18] 112.214.112.12 () {42 vars in 758 bytes} [Mon Mar  7 14:45:50 2016] GET /newslabhome/ => generated 4568 bytes in 2 msecs (HTTP/1.1 200) 2 headers in 88 bytes (1 switches on core 0)
[pid: 15158|app: 0|req: 19/19] 112.214.112.12 () {40 vars in 717 bytes} [Mon Mar  7 14:46:13 2016] GET /newslabhome/ => generated 4568 bytes in 2 msecs (HTTP/1.1 200) 2 headers in 88 bytes (1 switches on core 0)
[pid: 15158|app: 0|req: 20/20] 112.214.112.12 () {44 vars in 802 bytes} [Mon Mar  7 14:48:00 2016] GET /calc/ => generated 10771 bytes in 5 msecs (HTTP/1.1 200) 2 headers in 88 bytes (1 switches on core 0)
[pid: 15158|app: 0|req: 21/21] 112.214.112.12 () {42 vars in 758 bytes} [Mon Mar  7 14:48:04 2016] GET /newslabhome/ => generated 4568 bytes in 2 msecs (HTTP/1.1 200) 2 headers in 88 bytes (1 switches on core 0)
[pid: 15158|app: 0|req: 22/22] 112.214.112.12 () {42 vars in 758 bytes} [Mon Mar  7 14:53:11 2016] GET /newslabhome/ => generated 4568 bytes in 2 msecs (HTTP/1.1 200) 2 headers in 88 bytes (1 switches on core 0)
[pid: 15158|app: 0|req: 23/23] 112.214.112.12 () {42 vars in 779 bytes} [Mon Mar  7 14:53:12 2016] GET /albawords => generated 0 bytes in 1 msecs (HTTP/1.1 301) 2 headers in 97 bytes (1 switches on core 0)
[pid: 15158|app: 0|req: 24/24] 112.214.112.12 () {42 vars in 781 bytes} [Mon Mar  7 14:53:12 2016] GET /albawords/ => generated 22135 bytes in 421 msecs (HTTP/1.1 200) 2 headers in 88 bytes (1 switches on core 0)
[pid: 15158|app: 0|req: 25/25] 112.214.112.12 () {42 vars in 758 bytes} [Mon Mar  7 14:59:07 2016] GET /newslabhome/ => generated 4568 bytes in 2 msecs (HTTP/1.1 200) 2 headers in 88 bytes (1 switches on core 0)
[pid: 15158|app: 0|req: 26/26] 112.214.112.12 () {42 vars in 758 bytes} [Mon Mar  7 14:59:09 2016] GET /newslabhome/ => generated 4568 bytes in 2 msecs (HTTP/1.1 200) 2 headers in 88 bytes (1 switches on core 0)
[pid: 15158|app: 0|req: 27/27] 112.214.112.12 () {44 vars in 802 bytes} [Mon Mar  7 14:59:12 2016] GET /calc/ => generated 10771 bytes in 5 msecs (HTTP/1.1 200) 2 headers in 88 bytes (1 switches on core 0)
Gracefully killing worker 1 (pid: 15035)...
...gracefully killing workers...
Gracefully killing worker 1 (pid: 15039)...
...gracefully killing workers...
worker 1 buried after 1 seconds
binary reloading uWSGI...
chdir() to /home/ec2-user/testnewslab
closing all non-uwsgi socket fds > 2 (max_fd = 1024)...
found fd 3 mapped to socket 0 (/home/ec2-user/testnewslab/testnewslab.sock)
running /home/ec2-user/env/bin/uwsgi
[uWSGI] getting INI configuration from testnewslab.ini
*** Starting uWSGI 2.0.12 (64bit) on [Mon Mar  7 15:34:59 2016] ***
compiled with version: 4.8.3 20140911 (Red Hat 4.8.3-9) on 07 March 2016 04:49:42
os: Linux-4.1.17-22.30.amzn1.x86_64 #1 SMP Fri Feb 5 23:44:22 UTC 2016
nodename: ip-172-31-22-23
machine: x86_64
clock source: unix
detected number of CPU cores: 1
current working directory: /home/ec2-user/testnewslab
detected binary path: /home/ec2-user/env/bin/uwsgi
!!! no internal routing support, rebuild with pcre support !!!
chdir() to /home/ec2-user/testnewslab
your processes number limit is 7943
your memory page size is 4096 bytes
detected max file descriptor number: 1024
lock engine: pthread robust mutexes
thunder lock: disabled (you can enable it with --thunder-lock)
uwsgi socket 0 inherited UNIX address /home/ec2-user/testnewslab/testnewslab.sock fd 3
Python version: 2.7.10 (default, Dec  8 2015, 18:25:23)  [GCC 4.8.3 20140911 (Red Hat 4.8.3-9)]
worker 1 buried after 1 seconds
binary reloading uWSGI...
chdir() to /home/ec2-user/testnewslab
closing all non-uwsgi socket fds > 2 (max_fd = 1024)...
found fd 3 mapped to socket 0 (/home/ec2-user/testnewslab/testnewslab.sock)
running /home/ec2-user/env/bin/uwsgi
[uWSGI] getting INI configuration from testnewslab.ini
*** Starting uWSGI 2.0.12 (64bit) on [Mon Mar  7 15:34:59 2016] ***
compiled with version: 4.8.3 20140911 (Red Hat 4.8.3-9) on 07 March 2016 04:49:42
os: Linux-4.1.17-22.30.amzn1.x86_64 #1 SMP Fri Feb 5 23:44:22 UTC 2016
nodename: ip-172-31-22-23
machine: x86_64
clock source: unix
detected number of CPU cores: 1
current working directory: /home/ec2-user/testnewslab
detected binary path: /home/ec2-user/env/bin/uwsgi
!!! no internal routing support, rebuild with pcre support !!!
chdir() to /home/ec2-user/testnewslab
your processes number limit is 7943
your memory page size is 4096 bytes
detected max file descriptor number: 1024
lock engine: pthread robust mutexes
thunder lock: disabled (you can enable it with --thunder-lock)
uwsgi socket 0 inherited UNIX address /home/ec2-user/testnewslab/testnewslab.sock fd 3
Python version: 2.7.10 (default, Dec  8 2015, 18:25:23)  [GCC 4.8.3 20140911 (Red Hat 4.8.3-9)]
*** Python threads support is disabled. You can enable it with --enable-threads ***
Python main interpreter initialized at 0x1a024c0
your server socket listen backlog is limited to 100 connections
your mercy for graceful operations on workers is 60 seconds
mapped 145520 bytes (142 KB) for 1 cores
*** Operational MODE: single process ***
*** Python threads support is disabled. You can enable it with --enable-threads ***
Python main interpreter initialized at 0x26694c0
your server socket listen backlog is limited to 100 connections
your mercy for graceful operations on workers is 60 seconds
mapped 145520 bytes (142 KB) for 1 cores
*** Operational MODE: single process ***
WSGI app 0 (mountpoint='') ready in 0 seconds on interpreter 0x26694c0 pid: 15014 (default app)
mountpoint  already configured. skip.
*** uWSGI is running in multiple interpreter mode ***
gracefully (RE)spawned uWSGI master process (pid: 15014)
spawned uWSGI worker 1 (pid: 15803, cores: 1)
WSGI app 0 (mountpoint='') ready in 0 seconds on interpreter 0x1a024c0 pid: 15036 (default app)
mountpoint  already configured. skip.
*** uWSGI is running in multiple interpreter mode ***
gracefully (RE)spawned uWSGI master process (pid: 15036)
spawned uWSGI worker 1 (pid: 15804, cores: 1)
